# JRE version: Java(TM) SE Runtime Environment (7.0_79-b15) (build 1.7.0_79-b15)
# Java VM: Java HotSpot(TM) 64-Bit Server VM (24.79-b02 mixed mode linux-amd64 compressed oops)
Heap
 PSYoungGen      total 36352K, used 1874K [0x00000000d7700000, 0x00000000d9f80000, 0x0000000100000000)
  eden space 31232K, 6% used [0x00000000d7700000,0x00000000d78d4870,0x00000000d9580000)
  from space 5120K, 0% used [0x00000000d9580000,0x00000000d9580000,0x00000000d9a80000)
  to   space 5120K, 0% used [0x00000000d9a80000,0x00000000d9a80000,0x00000000d9f80000)
 ParOldGen       total 82944K, used 5326K [0x0000000086600000, 0x000000008b700000, 0x00000000d7700000)
  object space 82944K, 6% used [0x0000000086600000,0x0000000086b33960,0x000000008b700000)
 PSPermGen       total 30720K, used 15677K [0x0000000081400000, 0x0000000083200000, 0x0000000086600000)
  object space 30720K, 51% used [0x0000000081400000,0x000000008234f460,0x0000000083200000)
GC Heap History (4 events):
Event: 0.560 GC heap before
{Heap before GC invocations=1 (full 0):
 PSYoungGen      total 36352K, used 15580K [0x00000000d7700000, 0x00000000d9f80000, 0x0000000100000000)
  eden space 31232K, 49% used [0x00000000d7700000,0x00000000d8637038,0x00000000d9580000)
  from space 5120K, 0% used [0x00000000d9a80000,0x00000000d9a80000,0x00000000d9f80000)
  to   space 5120K, 0% used [0x00000000d9580000,0x00000000d9580000,0x00000000d9a80000)
 ParOldGen       total 82944K, used 0K [0x0000000086600000, 0x000000008b700000, 0x00000000d7700000)
  object space 82944K, 0% used [0x0000000086600000,0x0000000086600000,0x000000008b700000)
 PSPermGen       total 21504K, used 15362K [0x0000000081400000, 0x0000000082900000, 0x0000000086600000)
  object space 21504K, 71% used [0x0000000081400000,0x0000000082300990,0x0000000082900000)
Event: 0.567 GC heap after
Heap after GC invocations=1 (full 0):
 PSYoungGen      total 36352K, used 5112K [0x00000000d7700000, 0x00000000d9f80000, 0x0000000100000000)
  eden space 31232K, 0% used [0x00000000d7700000,0x00000000d7700000,0x00000000d9580000)
  from space 5120K, 99% used [0x00000000d9580000,0x00000000d9a7e108,0x00000000d9a80000)
  to   space 5120K, 0% used [0x00000000d9a80000,0x00000000d9a80000,0x00000000d9f80000)
 ParOldGen       total 82944K, used 386K [0x0000000086600000, 0x000000008b700000, 0x00000000d7700000)
  object space 82944K, 0% used [0x0000000086600000,0x0000000086660a30,0x000000008b700000)
 PSPermGen       total 21504K, used 15362K [0x0000000081400000, 0x0000000082900000, 0x0000000086600000)
  object space 21504K, 71% used [0x0000000081400000,0x0000000082300990,0x0000000082900000)
}
Event: 0.567 GC heap before
{Heap before GC invocations=2 (full 1):
 PSYoungGen      total 36352K, used 5112K [0x00000000d7700000, 0x00000000d9f80000, 0x0000000100000000)
  eden space 31232K, 0% used [0x00000000d7700000,0x00000000d7700000,0x00000000d9580000)
  from space 5120K, 99% used [0x00000000d9580000,0x00000000d9a7e108,0x00000000d9a80000)
  to   space 5120K, 0% used [0x00000000d9a80000,0x00000000d9a80000,0x00000000d9f80000)
 ParOldGen       total 82944K, used 386K [0x0000000086600000, 0x000000008b700000, 0x00000000d7700000)
  object space 82944K, 0% used [0x0000000086600000,0x0000000086660a30,0x000000008b700000)
 PSPermGen       total 21504K, used 15362K [0x0000000081400000, 0x0000000082900000, 0x0000000086600000)
  object space 21504K, 71% used [0x0000000081400000,0x0000000082300990,0x0000000082900000)
Event: 0.608 GC heap after
Heap after GC invocations=2 (full 1):
 PSYoungGen      total 36352K, used 0K [0x00000000d7700000, 0x00000000d9f80000, 0x0000000100000000)
  eden space 31232K, 0% used [0x00000000d7700000,0x00000000d7700000,0x00000000d9580000)
  from space 5120K, 0% used [0x00000000d9580000,0x00000000d9580000,0x00000000d9a80000)
  to   space 5120K, 0% used [0x00000000d9a80000,0x00000000d9a80000,0x00000000d9f80000)
 ParOldGen       total 82944K, used 5326K [0x0000000086600000, 0x000000008b700000, 0x00000000d7700000)
  object space 82944K, 6% used [0x0000000086600000,0x0000000086b33960,0x000000008b700000)
 PSPermGen       total 30720K, used 15357K [0x0000000081400000, 0x0000000083200000, 0x0000000086600000)
  object space 30720K, 49% used [0x0000000081400000,0x00000000822ff650,0x0000000083200000)
}

